2025-05-18 22:56:15, info, Vegetables found
2025-05-18 22:56:15, info, Vegetables found
2025-05-18 22:56:36, info, successfully login
2025-05-18 22:56:52, info, Filters applied and vegetables found
2025-05-18 22:56:56, info, Filters applied and vegetables found
2025-05-18 22:56:56, info, Filters applied and vegetables found
2025-05-18 22:57:33, info, Vegetables added
2025-05-18 22:57:37, info, Filters applied and vegetables found
2025-05-18 22:57:41, info, Filters applied and vegetables found
2025-05-18 22:57:48, info, Filters applied and vegetables found
2025-05-18 22:57:51, info, Filters applied and vegetables found
2025-05-18 22:58:00, info, Vegetables removed successfully
2025-05-18 22:58:04, info, Filters applied and vegetables found
2025-05-18 22:58:43, info, Vegetables found
2025-05-18 22:58:43, info, Vegetables found
2025-05-18 22:58:46, info, Vegetables found
2025-05-18 22:58:46, info, Vegetables found
2025-05-18 22:58:48, info, Signout successfully
2025-05-18 22:59:00, info, successfully login
2025-05-18 22:59:10, info, got Farmer list 
2025-05-18 22:59:10, info, Filters applied and vegetables found
2025-05-18 22:59:22, info, Vegetables found
2025-05-18 22:59:22, info, Vegetables found
2025-05-18 22:59:27, info, got Farmer list 
2025-05-18 22:59:27, info, Filters applied and vegetables found
2025-05-18 22:59:37, info, Vegetables found
2025-05-18 22:59:37, info, Vegetables found
2025-05-18 22:59:47, info, Signout successfully
